==7283== Memcheck, a memory error detector
==7283== Copyright (C) 2002-2024, and GNU GPL'd, by Julian Seward et al.
==7283== Using Valgrind-3.25.1 and LibVEX; rerun with -h for copyright info
==7283== Command: ./doit
==7283== 
==7287== 
==7287== HEAP SUMMARY:
==7287==     in use at exit: 285 bytes in 5 blocks
==7287==   total heap usage: 8 allocs, 3 frees, 2,462 bytes allocated
==7287== 
==7287== LEAK SUMMARY:
==7287==    definitely lost: 0 bytes in 0 blocks
==7287==    indirectly lost: 0 bytes in 0 blocks
==7287==      possibly lost: 0 bytes in 0 blocks
==7287==    still reachable: 285 bytes in 5 blocks
==7287==         suppressed: 0 bytes in 0 blocks
==7287== Reachable blocks (those to which a pointer was found) are not shown.
==7287== To see them, rerun with: --leak-check=full --show-leak-kinds=all
==7287== 
==7287== For lists of detected and suppressed errors, rerun with: -s
==7287== ERROR SUMMARY: 0 errors from 0 contexts (suppressed: 0 from 0)
==7283== 
==7283== HEAP SUMMARY:
==7283==     in use at exit: 6 bytes in 1 blocks
==7283==   total heap usage: 21 allocs, 20 frees, 3,674 bytes allocated
==7283== 
==7283== 6 bytes in 1 blocks are definitely lost in loss record 1 of 1
==7283==    at 0x484E7A8: malloc (vg_replace_malloc.c:446)
==7283==    by 0x4001394: main (doit.c:52)
==7283== 
==7283== LEAK SUMMARY:
==7283==    definitely lost: 6 bytes in 1 blocks
==7283==    indirectly lost: 0 bytes in 0 blocks
==7283==      possibly lost: 0 bytes in 0 blocks
==7283==    still reachable: 0 bytes in 0 blocks
==7283==         suppressed: 0 bytes in 0 blocks
==7283== 
==7283== For lists of detected and suppressed errors, rerun with: -s
==7283== ERROR SUMMARY: 1 errors from 1 contexts (suppressed: 0 from 0)
